<?xml version="1.0" encoding="UTF-8"?>
<!-- Generated by org.testng.reporters.JUnitReportReporter -->
<testsuite hostname="DESKTOP-T49CL0N" failures="0" tests="2" name="TESTNG.logout" time="16.341" errors="0" timestamp="2021-10-20T12:12:35 IST" skipped="0">
  <testcase classname="TESTNG.logout" name="preCondition" time="12.176"/>
  <system-out/>
  <testcase classname="TESTNG.logout" name="logoutbtn" time="4.165"/>
  <system-out/>
</testsuite> <!-- TESTNG.logout -->
