<?xml version="1.0" encoding="UTF-8"?>
<!-- Generated by org.testng.reporters.JUnitReportReporter -->
<testsuite hostname="DESKTOP-T49CL0N" failures="0" tests="4" name="TESTNG.login" time="11.018" errors="0" timestamp="2021-10-18T13:04:14 IST" skipped="0">
  <testcase classname="TESTNG.login" name="preCondition" time="9.456"/>
  <system-out/>
  <testcase classname="TESTNG.login" name="loginFunctionality" time="0.547"/>
  <system-out/>
  <testcase classname="TESTNG.login" name="addingtocart" time="0.279"/>
  <system-out/>
  <testcase classname="TESTNG.login" name="filterfunction" time="0.736"/>
  <system-out/>
</testsuite> <!-- TESTNG.login -->
