<?xml version="1.0" encoding="UTF-8"?>
<!-- Generated by org.testng.reporters.JUnitReportReporter -->
<testsuite hostname="DESKTOP-T49CL0N" failures="0" tests="14" name="TESTNG.exceldata" time="195.368" errors="0" timestamp="2021-10-18T13:04:14 IST" skipped="0">
  <testcase classname="TESTNG.exceldata" name="username" time="11.853"/>
  <system-out/>
  <testcase classname="TESTNG.exceldata" name="username" time="16.348"/>
  <system-out/>
  <testcase classname="TESTNG.exceldata" name="username" time="18.210"/>
  <system-out/>
  <testcase classname="TESTNG.exceldata" name="username" time="10.226"/>
  <system-out/>
  <testcase classname="TESTNG.exceldata" name="username" time="12.295"/>
  <system-out/>
  <testcase classname="TESTNG.exceldata" name="username" time="15.560"/>
  <system-out/>
  <testcase classname="TESTNG.exceldata" name="username" time="21.314"/>
  <system-out/>
  <testcase classname="TESTNG.exceldata" name="username" time="9.811"/>
  <system-out/>
  <testcase classname="TESTNG.exceldata" name="username" time="9.845"/>
  <system-out/>
  <testcase classname="TESTNG.exceldata" name="username" time="13.200"/>
  <system-out/>
  <testcase classname="TESTNG.exceldata" name="username" time="8.869"/>
  <system-out/>
  <testcase classname="TESTNG.exceldata" name="username" time="15.611"/>
  <system-out/>
  <testcase classname="TESTNG.exceldata" name="username" time="18.525"/>
  <system-out/>
  <testcase classname="TESTNG.exceldata" name="username" time="13.701"/>
  <system-out/>
</testsuite> <!-- TESTNG.exceldata -->
