<?xml version="1.0" encoding="UTF-8"?>
<!-- Generated by org.testng.reporters.JUnitReportReporter -->
<testsuite hostname="DESKTOP-T49CL0N" failures="0" tests="6" name="TESTNG.cart" time="34.170" errors="0" timestamp="2021-10-18T13:04:14 IST" skipped="0">
  <testcase classname="TESTNG.cart" name="testurl" time="23.874"/>
  <system-out/>
  <testcase classname="TESTNG.cart" name="loginform" time="7.891"/>
  <system-out/>
  <testcase classname="TESTNG.cart" name="addingitems" time="0.974"/>
  <system-out/>
  <testcase classname="TESTNG.cart" name="shopagain" time="0.340"/>
  <system-out/>
  <testcase classname="TESTNG.cart" name="checkout" time="0.710"/>
  <system-out/>
  <testcase classname="TESTNG.cart" name="lastcheckout" time="0.381"/>
  <system-out/>
</testsuite> <!-- TESTNG.cart -->
